<?xml version="1.0" encoding="UTF-8"?>
<testng-results ignored="0" total="2" passed="2" failed="0" skipped="0">
  <reporter-output>
  </reporter-output>
  <suite started-at="2024-06-26T15:45:23 IST" name="Suite" finished-at="2024-06-26T15:46:00 IST" duration-ms="36324">
    <groups>
    </groups>
    <test started-at="2024-06-26T15:45:23 IST" name="MyInfo" finished-at="2024-06-26T15:46:00 IST" duration-ms="36324">
      <class name="com.kiwiqa.testclass.MyInfoDirectTestNG">
        <test-method is-config="true" signature="beforeTest()[pri:0, instance:com.kiwiqa.testclass.MyInfoDirectTestNG@6aeb35e6]" started-at="2024-06-26T15:45:24 IST" name="beforeTest" finished-at="2024-06-26T15:45:24 IST" duration-ms="337" status="PASS">
          <reporter-output>
          </reporter-output>
        </test-method> <!-- beforeTest -->
        <test-method is-config="true" signature="setUp(java.lang.String)[pri:0, instance:com.kiwiqa.testclass.MyInfoDirectTestNG@6aeb35e6]" started-at="2024-06-26T15:45:24 IST" name="setUp" finished-at="2024-06-26T15:45:44 IST" duration-ms="19883" status="PASS">
          <params>
            <param index="0">
              <value>
                <![CDATA[chrome]]>
              </value>
            </param>
          </params>
          <reporter-output>
          </reporter-output>
        </test-method> <!-- setUp -->
        <test-method is-config="true" signature="beforeMethod()[pri:0, instance:com.kiwiqa.testclass.MyInfoDirectTestNG@6aeb35e6]" started-at="2024-06-26T15:45:44 IST" name="beforeMethod" finished-at="2024-06-26T15:45:44 IST" duration-ms="62" status="PASS">
          <reporter-output>
          </reporter-output>
        </test-method> <!-- beforeMethod -->
        <test-method signature="login()[pri:1, instance:com.kiwiqa.testclass.MyInfoDirectTestNG@6aeb35e6]" started-at="2024-06-26T15:45:44 IST" name="login" description="This is login test" finished-at="2024-06-26T15:45:45 IST" duration-ms="1248" status="PASS">
          <reporter-output>
          </reporter-output>
        </test-method> <!-- login -->
        <test-method is-config="true" signature="verify(org.testng.ITestResult)[pri:0, instance:com.kiwiqa.testclass.MyInfoDirectTestNG@6aeb35e6]" started-at="2024-06-26T15:45:45 IST" name="verify" finished-at="2024-06-26T15:45:48 IST" duration-ms="3204" status="PASS">
          <params>
            <param index="0">
              <value>
                <![CDATA[[TestResult name=login status=SUCCESS method=MyInfoDirectTestNG.login()[pri:1, instance:com.kiwiqa.testclass.MyInfoDirectTestNG@6aeb35e6] output={null}]]]>
              </value>
            </param>
          </params>
          <reporter-output>
          </reporter-output>
        </test-method> <!-- verify -->
        <test-method is-config="true" signature="beforeMethod()[pri:0, instance:com.kiwiqa.testclass.MyInfoDirectTestNG@6aeb35e6]" started-at="2024-06-26T15:45:48 IST" name="beforeMethod" finished-at="2024-06-26T15:45:48 IST" duration-ms="2" status="PASS">
          <reporter-output>
          </reporter-output>
        </test-method> <!-- beforeMethod -->
        <test-method signature="addDetails()[pri:2, instance:com.kiwiqa.testclass.MyInfoDirectTestNG@6aeb35e6]" started-at="2024-06-26T15:45:48 IST" name="addDetails" description="This enters details in My Info Page" finished-at="2024-06-26T15:45:56 IST" depends-on-methods="com.kiwiqa.testclass.MyInfoDirectTestNG.login" duration-ms="7416" status="PASS">
          <reporter-output>
          </reporter-output>
        </test-method> <!-- addDetails -->
        <test-method is-config="true" signature="verify(org.testng.ITestResult)[pri:0, instance:com.kiwiqa.testclass.MyInfoDirectTestNG@6aeb35e6]" started-at="2024-06-26T15:45:56 IST" name="verify" finished-at="2024-06-26T15:45:59 IST" duration-ms="3138" status="PASS">
          <params>
            <param index="0">
              <value>
                <![CDATA[[TestResult name=addDetails status=SUCCESS method=MyInfoDirectTestNG.addDetails()[pri:2, instance:com.kiwiqa.testclass.MyInfoDirectTestNG@6aeb35e6] output={null}]]]>
              </value>
            </param>
          </params>
          <reporter-output>
          </reporter-output>
        </test-method> <!-- verify -->
        <test-method is-config="true" signature="tearDown()[pri:0, instance:com.kiwiqa.testclass.MyInfoDirectTestNG@6aeb35e6]" started-at="2024-06-26T15:45:59 IST" name="tearDown" finished-at="2024-06-26T15:46:00 IST" duration-ms="956" status="PASS">
          <reporter-output>
          </reporter-output>
        </test-method> <!-- tearDown -->
      </class> <!-- com.kiwiqa.testclass.MyInfoDirectTestNG -->
    </test> <!-- MyInfo -->
  </suite> <!-- Suite -->
</testng-results>
