<?xml version="1.0" encoding="UTF-8"?>
<testng-results ignored="0" total="2" passed="2" failed="0" skipped="0">
  <reporter-output>
  </reporter-output>
  <suite started-at="2024-06-14T15:12:13 IST" name="Suite" finished-at="2024-06-14T15:12:50 IST" duration-ms="36568">
    <groups>
    </groups>
    <test started-at="2024-06-14T15:12:13 IST" name="MyInfo" finished-at="2024-06-14T15:12:50 IST" duration-ms="36568">
      <class name="com.kiwiqa.testclass.MyInfoDirectTestNG">
        <test-method is-config="true" signature="beforeTest()[pri:0, instance:com.kiwiqa.testclass.MyInfoDirectTestNG@3a52dba3]" started-at="2024-06-14T15:12:13 IST" name="beforeTest" finished-at="2024-06-14T15:12:14 IST" duration-ms="504" status="PASS">
          <reporter-output>
          </reporter-output>
        </test-method> <!-- beforeTest -->
        <test-method is-config="true" signature="setUp(java.lang.String)[pri:0, instance:com.kiwiqa.testclass.MyInfoDirectTestNG@3a52dba3]" started-at="2024-06-14T15:12:14 IST" name="setUp" finished-at="2024-06-14T15:12:30 IST" duration-ms="16388" status="PASS">
          <params>
            <param index="0">
              <value>
                <![CDATA[chrome]]>
              </value>
            </param>
          </params>
          <reporter-output>
          </reporter-output>
        </test-method> <!-- setUp -->
        <test-method is-config="true" signature="beforeMethod()[pri:0, instance:com.kiwiqa.testclass.MyInfoDirectTestNG@3a52dba3]" started-at="2024-06-14T15:12:30 IST" name="beforeMethod" finished-at="2024-06-14T15:12:30 IST" duration-ms="45" status="PASS">
          <reporter-output>
          </reporter-output>
        </test-method> <!-- beforeMethod -->
        <test-method signature="login()[pri:1, instance:com.kiwiqa.testclass.MyInfoDirectTestNG@3a52dba3]" started-at="2024-06-14T15:12:30 IST" name="login" description="This is login test" finished-at="2024-06-14T15:12:34 IST" duration-ms="4000" status="PASS">
          <reporter-output>
          </reporter-output>
        </test-method> <!-- login -->
        <test-method is-config="true" signature="verify(org.testng.ITestResult)[pri:0, instance:com.kiwiqa.testclass.MyInfoDirectTestNG@3a52dba3]" started-at="2024-06-14T15:12:34 IST" name="verify" finished-at="2024-06-14T15:12:38 IST" duration-ms="3331" status="PASS">
          <params>
            <param index="0">
              <value>
                <![CDATA[[TestResult name=login status=SUCCESS method=MyInfoDirectTestNG.login()[pri:1, instance:com.kiwiqa.testclass.MyInfoDirectTestNG@3a52dba3] output={null}]]]>
              </value>
            </param>
          </params>
          <reporter-output>
          </reporter-output>
        </test-method> <!-- verify -->
        <test-method is-config="true" signature="beforeMethod()[pri:0, instance:com.kiwiqa.testclass.MyInfoDirectTestNG@3a52dba3]" started-at="2024-06-14T15:12:38 IST" name="beforeMethod" finished-at="2024-06-14T15:12:38 IST" duration-ms="3" status="PASS">
          <reporter-output>
          </reporter-output>
        </test-method> <!-- beforeMethod -->
        <test-method signature="addDetails()[pri:2, instance:com.kiwiqa.testclass.MyInfoDirectTestNG@3a52dba3]" started-at="2024-06-14T15:12:38 IST" name="addDetails" description="This enters details in My Info Page" finished-at="2024-06-14T15:12:45 IST" depends-on-methods="com.kiwiqa.testclass.MyInfoDirectTestNG.login" duration-ms="7682" status="PASS">
          <reporter-output>
          </reporter-output>
        </test-method> <!-- addDetails -->
        <test-method is-config="true" signature="verify(org.testng.ITestResult)[pri:0, instance:com.kiwiqa.testclass.MyInfoDirectTestNG@3a52dba3]" started-at="2024-06-14T15:12:45 IST" name="verify" finished-at="2024-06-14T15:12:49 IST" duration-ms="3275" status="PASS">
          <params>
            <param index="0">
              <value>
                <![CDATA[[TestResult name=addDetails status=SUCCESS method=MyInfoDirectTestNG.addDetails()[pri:2, instance:com.kiwiqa.testclass.MyInfoDirectTestNG@3a52dba3] output={null}]]]>
              </value>
            </param>
          </params>
          <reporter-output>
          </reporter-output>
        </test-method> <!-- verify -->
        <test-method is-config="true" signature="tearDown()[pri:0, instance:com.kiwiqa.testclass.MyInfoDirectTestNG@3a52dba3]" started-at="2024-06-14T15:12:49 IST" name="tearDown" finished-at="2024-06-14T15:12:50 IST" duration-ms="1242" status="PASS">
          <reporter-output>
          </reporter-output>
        </test-method> <!-- tearDown -->
      </class> <!-- com.kiwiqa.testclass.MyInfoDirectTestNG -->
    </test> <!-- MyInfo -->
  </suite> <!-- Suite -->
</testng-results>
